app/build/intermediates/manifest_merge_blame_file/debug/manifest-merger-blame-debug-report.txt
1<?xml version="1.0" encoding="utf-8"?>
2<manifest xmlns:android="http://schemas.android.com/apk/res/android"
3    package="com.example.coffeebakery"
4    android:versionCode="1"
5    android:versionName="1.0" >
6
7    <uses-sdk
8        android:minSdkVersion="28"
8-->src\main\AndroidManifest.xml
9        android:targetSdkVersion="30" />
9-->src\main\AndroidManifest.xml
10
11    <uses-permission android:name="android.permission.INTERNET" />
11-->src\main\AndroidManifest.xml:5:5-67
11-->src\main\AndroidManifest.xml:5:22-64
12    <uses-permission android:name="android.permission.ACCESS_NETWORK_STATE" />
12-->[com.firebaseui:firebase-ui-auth:7.1.1] AndroidManifest.xml:12:5-79
12-->[com.firebaseui:firebase-ui-auth:7.1.1] AndroidManifest.xml:12:22-76
13
14    <uses-feature
14-->[com.google.android.gms:play-services-maps:17.0.0] AndroidManifest.xml:26:5-28:35
15        android:glEsVersion="0x00020000"
15-->[com.google.android.gms:play-services-maps:17.0.0] AndroidManifest.xml:27:9-41
16        android:required="true" />
16-->[com.google.android.gms:play-services-maps:17.0.0] AndroidManifest.xml:28:9-32
17
18    <uses-permission android:name="android.permission.WAKE_LOCK" />
18-->[com.google.android.gms:play-services-measurement-api:19.0.0] AndroidManifest.xml:24:5-68
18-->[com.google.android.gms:play-services-measurement-api:19.0.0] AndroidManifest.xml:24:22-65
19    <uses-permission android:name="com.google.android.finsky.permission.BIND_GET_INSTALL_REFERRER_SERVICE" />
19-->[com.google.android.gms:play-services-measurement:19.0.0] AndroidManifest.xml:26:5-110
19-->[com.google.android.gms:play-services-measurement:19.0.0] AndroidManifest.xml:26:22-107
20
21    <application
21-->src\main\AndroidManifest.xml:7:5-51:19
22        android:allowBackup="true"
22-->src\main\AndroidManifest.xml:8:9-35
23        android:appComponentFactory="androidx.core.app.CoreComponentFactory"
23-->[androidx.core:core:1.3.1] AndroidManifest.xml:24:18-86
24        android:debuggable="true"
25        android:extractNativeLibs="false"
26        android:icon="@drawable/user"
26-->src\main\AndroidManifest.xml:9:9-38
27        android:label="@string/app_name"
27-->src\main\AndroidManifest.xml:10:9-41
28        android:roundIcon="@drawable/user"
28-->src\main\AndroidManifest.xml:11:9-43
29        android:supportsRtl="true"
29-->src\main\AndroidManifest.xml:12:9-35
30        android:testOnly="true"
31        android:theme="@style/AppTheme" >
31-->src\main\AndroidManifest.xml:13:9-40
32        <activity android:name="com.example.coffeebakery.DevelopingActivity" />
32-->src\main\AndroidManifest.xml:14:9-65
32-->src\main\AndroidManifest.xml:14:19-53
33        <activity android:name="com.example.coffeebakery.Setting.AboutUsActivity" />
33-->src\main\AndroidManifest.xml:15:9-61
33-->src\main\AndroidManifest.xml:15:19-58
34        <activity android:name="com.example.coffeebakery.Setting.DoiMatKhauActivity" />
34-->src\main\AndroidManifest.xml:16:9-64
34-->src\main\AndroidManifest.xml:16:19-61
35        <activity android:name="com.example.coffeebakery.DanhMuc.ToppingActivity" />
35-->src\main\AndroidManifest.xml:17:9-61
35-->src\main\AndroidManifest.xml:17:19-58
36        <activity android:name="com.example.coffeebakery.SplashActivity" >
36-->src\main\AndroidManifest.xml:18:9-24:20
36-->src\main\AndroidManifest.xml:18:19-49
37            <intent-filter>
37-->src\main\AndroidManifest.xml:19:13-23:29
38                <action android:name="android.intent.action.MAIN" />
38-->src\main\AndroidManifest.xml:20:17-69
38-->src\main\AndroidManifest.xml:20:25-66
39
40                <category android:name="android.intent.category.LAUNCHER" />
40-->src\main\AndroidManifest.xml:22:17-77
40-->src\main\AndroidManifest.xml:22:27-74
41            </intent-filter>
42        </activity>
43        <activity android:name="com.example.coffeebakery.DanhMuc.FoodActivity" />
43-->src\main\AndroidManifest.xml:25:9-58
43-->src\main\AndroidManifest.xml:25:19-55
44        <activity android:name="com.example.coffeebakery.DanhMuc.JuiceActivity" />
44-->src\main\AndroidManifest.xml:26:9-59
44-->src\main\AndroidManifest.xml:26:19-56
45        <activity android:name="com.example.coffeebakery.DanhMuc.FreezeeActivity" />
45-->src\main\AndroidManifest.xml:27:9-61
45-->src\main\AndroidManifest.xml:27:19-58
46        <activity android:name="com.example.coffeebakery.DanhMuc.CoffeeActivity" />
46-->src\main\AndroidManifest.xml:28:9-60
46-->src\main\AndroidManifest.xml:28:19-57
47        <activity android:name="com.example.coffeebakery.Setting.ThanhToanActivity" />
47-->src\main\AndroidManifest.xml:29:9-63
47-->src\main\AndroidManifest.xml:29:19-60
48        <activity android:name="com.example.coffeebakery.Setting.VanChuyenActivity" />
48-->src\main\AndroidManifest.xml:30:9-63
48-->src\main\AndroidManifest.xml:30:19-60
49        <activity android:name="com.example.coffeebakery.Setting.ChungActivity" />
49-->src\main\AndroidManifest.xml:31:9-59
49-->src\main\AndroidManifest.xml:31:19-56
50        <activity android:name="com.example.coffeebakery.Setting.BaoMatActivity" />
50-->src\main\AndroidManifest.xml:32:9-60
50-->src\main\AndroidManifest.xml:32:19-57
51        <activity android:name="com.example.coffeebakery.Setting.LienHeActivity" />
51-->src\main\AndroidManifest.xml:33:9-60
51-->src\main\AndroidManifest.xml:33:19-57
52        <activity android:name="com.example.coffeebakery.Home.DetailTapChiActivity" />
52-->src\main\AndroidManifest.xml:34:9-63
52-->src\main\AndroidManifest.xml:34:19-60
53
54        <meta-data
54-->src\main\AndroidManifest.xml:36:9-38:51
55            android:name="com.google.android.geo.API_KEY"
55-->src\main\AndroidManifest.xml:37:13-58
56            android:value="@string/map_api_key" />
56-->src\main\AndroidManifest.xml:38:13-48
57        <meta-data
57-->src\main\AndroidManifest.xml:39:9-41:57
58            android:name="preloaded_fonts"
58-->src\main\AndroidManifest.xml:40:13-43
59            android:resource="@array/preloaded_fonts" />
59-->src\main\AndroidManifest.xml:41:13-54
60
61        <activity android:name="com.example.coffeebakery.DeliveryActivity" />
61-->src\main\AndroidManifest.xml:43:9-54
61-->src\main\AndroidManifest.xml:43:19-51
62        <activity android:name="com.example.coffeebakery.DetailReceipt.DetailReceiptActivity" />
62-->src\main\AndroidManifest.xml:44:9-73
62-->src\main\AndroidManifest.xml:44:19-70
63        <activity android:name="com.example.coffeebakery.DetailProductActivity" />
63-->src\main\AndroidManifest.xml:45:9-59
63-->src\main\AndroidManifest.xml:45:19-56
64        <activity android:name="com.example.coffeebakery.HomeActivity" />
64-->src\main\AndroidManifest.xml:46:9-50
64-->src\main\AndroidManifest.xml:46:19-47
65        <activity android:name="com.example.coffeebakery.ForgotPasswordActivity" />
65-->src\main\AndroidManifest.xml:47:9-60
65-->src\main\AndroidManifest.xml:47:19-57
66        <activity android:name="com.example.coffeebakery.ProfileActivity" />
66-->src\main\AndroidManifest.xml:48:9-53
66-->src\main\AndroidManifest.xml:48:19-50
67        <activity android:name="com.example.coffeebakery.RegisterActivity" />
67-->src\main\AndroidManifest.xml:49:9-54
67-->src\main\AndroidManifest.xml:49:19-51
68        <activity android:name="com.example.coffeebakery.LoginActivity" />
68-->src\main\AndroidManifest.xml:50:9-51
68-->src\main\AndroidManifest.xml:50:19-48
69
70        <meta-data
70-->[com.firebaseui:firebase-ui-auth:7.1.1] AndroidManifest.xml:16:9-18:69
71            android:name="com.google.android.gms.version"
71-->[com.firebaseui:firebase-ui-auth:7.1.1] AndroidManifest.xml:17:13-58
72            android:value="@integer/google_play_services_version" />
72-->[com.firebaseui:firebase-ui-auth:7.1.1] AndroidManifest.xml:18:13-66
73        <meta-data
73-->[com.firebaseui:firebase-ui-auth:7.1.1] AndroidManifest.xml:19:9-21:63
74            android:name="com.facebook.sdk.ApplicationId"
74-->[com.firebaseui:firebase-ui-auth:7.1.1] AndroidManifest.xml:20:13-58
75            android:value="@string/facebook_application_id" />
75-->[com.firebaseui:firebase-ui-auth:7.1.1] AndroidManifest.xml:21:13-60
76
77        <activity
77-->[com.firebaseui:firebase-ui-auth:7.1.1] AndroidManifest.xml:23:9-27:61
78            android:name="com.firebase.ui.auth.KickoffActivity"
78-->[com.firebaseui:firebase-ui-auth:7.1.1] AndroidManifest.xml:24:13-64
79            android:exported="false"
79-->[com.firebaseui:firebase-ui-auth:7.1.1] AndroidManifest.xml:25:13-37
80            android:label=""
80-->[com.firebaseui:firebase-ui-auth:7.1.1] AndroidManifest.xml:26:13-29
81            android:theme="@style/FirebaseUI.Transparent" />
81-->[com.firebaseui:firebase-ui-auth:7.1.1] AndroidManifest.xml:27:13-58
82        <activity
82-->[com.firebaseui:firebase-ui-auth:7.1.1] AndroidManifest.xml:28:9-32:61
83            android:name="com.firebase.ui.auth.ui.idp.SingleSignInActivity"
83-->[com.firebaseui:firebase-ui-auth:7.1.1] AndroidManifest.xml:29:13-76
84            android:exported="false"
84-->[com.firebaseui:firebase-ui-auth:7.1.1] AndroidManifest.xml:30:13-37
85            android:label=""
85-->[com.firebaseui:firebase-ui-auth:7.1.1] AndroidManifest.xml:31:13-29
86            android:theme="@style/FirebaseUI.Transparent" />
86-->[com.firebaseui:firebase-ui-auth:7.1.1] AndroidManifest.xml:32:13-58
87        <activity
87-->[com.firebaseui:firebase-ui-auth:7.1.1] AndroidManifest.xml:33:9-37:61
88            android:name="com.firebase.ui.auth.ui.credentials.CredentialSaveActivity"
88-->[com.firebaseui:firebase-ui-auth:7.1.1] AndroidManifest.xml:34:13-86
89            android:exported="false"
89-->[com.firebaseui:firebase-ui-auth:7.1.1] AndroidManifest.xml:35:13-37
90            android:label=""
90-->[com.firebaseui:firebase-ui-auth:7.1.1] AndroidManifest.xml:36:13-29
91            android:theme="@style/FirebaseUI.Transparent" />
91-->[com.firebaseui:firebase-ui-auth:7.1.1] AndroidManifest.xml:37:13-58
92        <activity
92-->[com.firebaseui:firebase-ui-auth:7.1.1] AndroidManifest.xml:38:9-42:58
93            android:name="com.firebase.ui.auth.ui.email.RecoverPasswordActivity"
93-->[com.firebaseui:firebase-ui-auth:7.1.1] AndroidManifest.xml:39:13-81
94            android:exported="false"
94-->[com.firebaseui:firebase-ui-auth:7.1.1] AndroidManifest.xml:40:13-37
95            android:label="@string/fui_title_recover_password_activity"
95-->[com.firebaseui:firebase-ui-auth:7.1.1] AndroidManifest.xml:41:13-72
96            android:windowSoftInputMode="adjustResize" />
96-->[com.firebaseui:firebase-ui-auth:7.1.1] AndroidManifest.xml:42:13-55
97        <activity
97-->[com.firebaseui:firebase-ui-auth:7.1.1] AndroidManifest.xml:43:9-47:58
98            android:name="com.firebase.ui.auth.ui.email.EmailActivity"
98-->[com.firebaseui:firebase-ui-auth:7.1.1] AndroidManifest.xml:44:13-71
99            android:exported="false"
99-->[com.firebaseui:firebase-ui-auth:7.1.1] AndroidManifest.xml:45:13-37
100            android:label="@string/fui_sign_in_default"
100-->[com.firebaseui:firebase-ui-auth:7.1.1] AndroidManifest.xml:46:13-56
101            android:windowSoftInputMode="adjustResize" />
101-->[com.firebaseui:firebase-ui-auth:7.1.1] AndroidManifest.xml:47:13-55
102        <activity
102-->[com.firebaseui:firebase-ui-auth:7.1.1] AndroidManifest.xml:48:9-52:77
103            android:name="com.firebase.ui.auth.ui.phone.PhoneActivity"
103-->[com.firebaseui:firebase-ui-auth:7.1.1] AndroidManifest.xml:49:13-71
104            android:exported="false"
104-->[com.firebaseui:firebase-ui-auth:7.1.1] AndroidManifest.xml:50:13-37
105            android:label="@string/fui_sign_in_with_phone_number"
105-->[com.firebaseui:firebase-ui-auth:7.1.1] AndroidManifest.xml:51:13-66
106            android:windowSoftInputMode="adjustResize|stateAlwaysVisible" />
106-->[com.firebaseui:firebase-ui-auth:7.1.1] AndroidManifest.xml:52:13-74
107        <activity
107-->[com.firebaseui:firebase-ui-auth:7.1.1] AndroidManifest.xml:53:9-57:58
108            android:name="com.firebase.ui.auth.ui.idp.WelcomeBackIdpPrompt"
108-->[com.firebaseui:firebase-ui-auth:7.1.1] AndroidManifest.xml:54:13-76
109            android:exported="false"
109-->[com.firebaseui:firebase-ui-auth:7.1.1] AndroidManifest.xml:55:13-37
110            android:label="@string/fui_title_welcome_back_idp_prompt"
110-->[com.firebaseui:firebase-ui-auth:7.1.1] AndroidManifest.xml:56:13-70
111            android:windowSoftInputMode="adjustResize" />
111-->[com.firebaseui:firebase-ui-auth:7.1.1] AndroidManifest.xml:57:13-55
112        <activity
112-->[com.firebaseui:firebase-ui-auth:7.1.1] AndroidManifest.xml:58:9-62:58
113            android:name="com.firebase.ui.auth.ui.email.WelcomeBackPasswordPrompt"
113-->[com.firebaseui:firebase-ui-auth:7.1.1] AndroidManifest.xml:59:13-83
114            android:exported="false"
114-->[com.firebaseui:firebase-ui-auth:7.1.1] AndroidManifest.xml:60:13-37
115            android:label="@string/fui_title_welcome_back_password_prompt"
115-->[com.firebaseui:firebase-ui-auth:7.1.1] AndroidManifest.xml:61:13-75
116            android:windowSoftInputMode="adjustResize" />
116-->[com.firebaseui:firebase-ui-auth:7.1.1] AndroidManifest.xml:62:13-55
117        <activity
117-->[com.firebaseui:firebase-ui-auth:7.1.1] AndroidManifest.xml:63:9-67:58
118            android:name="com.firebase.ui.auth.ui.email.WelcomeBackEmailLinkPrompt"
118-->[com.firebaseui:firebase-ui-auth:7.1.1] AndroidManifest.xml:64:13-84
119            android:exported="false"
119-->[com.firebaseui:firebase-ui-auth:7.1.1] AndroidManifest.xml:65:13-37
120            android:label="@string/fui_title_welcome_back_password_prompt"
120-->[com.firebaseui:firebase-ui-auth:7.1.1] AndroidManifest.xml:66:13-75
121            android:windowSoftInputMode="adjustResize" />
121-->[com.firebaseui:firebase-ui-auth:7.1.1] AndroidManifest.xml:67:13-55
122        <activity
122-->[com.firebaseui:firebase-ui-auth:7.1.1] AndroidManifest.xml:68:9-73:58
123            android:name="com.firebase.ui.auth.ui.email.EmailLinkCatcherActivity"
123-->[com.firebaseui:firebase-ui-auth:7.1.1] AndroidManifest.xml:69:13-82
124            android:exported="false"
124-->[com.firebaseui:firebase-ui-auth:7.1.1] AndroidManifest.xml:70:13-37
125            android:label=""
125-->[com.firebaseui:firebase-ui-auth:7.1.1] AndroidManifest.xml:71:13-29
126            android:theme="@style/FirebaseUI.Transparent"
126-->[com.firebaseui:firebase-ui-auth:7.1.1] AndroidManifest.xml:72:13-58
127            android:windowSoftInputMode="adjustResize" />
127-->[com.firebaseui:firebase-ui-auth:7.1.1] AndroidManifest.xml:73:13-55
128        <activity
128-->[com.firebaseui:firebase-ui-auth:7.1.1] AndroidManifest.xml:74:9-78:58
129            android:name="com.firebase.ui.auth.ui.email.EmailLinkErrorRecoveryActivity"
129-->[com.firebaseui:firebase-ui-auth:7.1.1] AndroidManifest.xml:75:13-88
130            android:exported="false"
130-->[com.firebaseui:firebase-ui-auth:7.1.1] AndroidManifest.xml:76:13-37
131            android:label="@string/fui_sign_in_default"
131-->[com.firebaseui:firebase-ui-auth:7.1.1] AndroidManifest.xml:77:13-56
132            android:windowSoftInputMode="adjustResize" />
132-->[com.firebaseui:firebase-ui-auth:7.1.1] AndroidManifest.xml:78:13-55
133        <activity
133-->[com.firebaseui:firebase-ui-auth:7.1.1] AndroidManifest.xml:79:9-82:65
134            android:name="com.firebase.ui.auth.ui.idp.AuthMethodPickerActivity"
134-->[com.firebaseui:firebase-ui-auth:7.1.1] AndroidManifest.xml:80:13-80
135            android:exported="false"
135-->[com.firebaseui:firebase-ui-auth:7.1.1] AndroidManifest.xml:81:13-37
136            android:label="@string/fui_default_toolbar_title" />
136-->[com.firebaseui:firebase-ui-auth:7.1.1] AndroidManifest.xml:82:13-62
137        <activity
137-->[com.firebaseui:firebase-ui-auth:7.1.1] AndroidManifest.xml:83:9-87:48
138            android:name="com.facebook.FacebookActivity"
138-->[com.firebaseui:firebase-ui-auth:7.1.1] AndroidManifest.xml:84:13-57
139            android:configChanges="keyboard|keyboardHidden|screenLayout|screenSize|orientation"
139-->[com.firebaseui:firebase-ui-auth:7.1.1] AndroidManifest.xml:85:13-96
140            android:label="@string/app_name" />
140-->[com.firebaseui:firebase-ui-auth:7.1.1] AndroidManifest.xml:86:13-45
141        <activity
141-->[com.firebaseui:firebase-ui-auth:7.1.1] AndroidManifest.xml:88:9-100:20
142            android:name="com.facebook.CustomTabActivity"
142-->[com.firebaseui:firebase-ui-auth:7.1.1] AndroidManifest.xml:89:13-58
143            android:exported="true" >
143-->[com.firebaseui:firebase-ui-auth:7.1.1] AndroidManifest.xml:90:13-36
144            <intent-filter>
144-->[com.firebaseui:firebase-ui-auth:7.1.1] AndroidManifest.xml:92:13-99:29
145                <action android:name="android.intent.action.VIEW" />
145-->[com.firebaseui:firebase-ui-auth:7.1.1] AndroidManifest.xml:93:17-69
145-->[com.firebaseui:firebase-ui-auth:7.1.1] AndroidManifest.xml:93:25-66
146
147                <category android:name="android.intent.category.DEFAULT" />
147-->[com.firebaseui:firebase-ui-auth:7.1.1] AndroidManifest.xml:95:17-76
147-->[com.firebaseui:firebase-ui-auth:7.1.1] AndroidManifest.xml:95:27-73
148                <category android:name="android.intent.category.BROWSABLE" />
148-->[com.firebaseui:firebase-ui-auth:7.1.1] AndroidManifest.xml:96:17-78
148-->[com.firebaseui:firebase-ui-auth:7.1.1] AndroidManifest.xml:96:27-75
149
150                <data android:scheme="@string/facebook_login_protocol_scheme" />
150-->[com.firebaseui:firebase-ui-auth:7.1.1] AndroidManifest.xml:98:17-81
150-->[com.firebaseui:firebase-ui-auth:7.1.1] AndroidManifest.xml:98:23-78
151            </intent-filter>
152        </activity>
153
154        <provider
154-->[com.firebaseui:firebase-ui-auth:7.1.1] AndroidManifest.xml:102:9-106:38
155            android:name="com.firebase.ui.auth.data.client.AuthUiInitProvider"
155-->[com.firebaseui:firebase-ui-auth:7.1.1] AndroidManifest.xml:103:13-79
156            android:authorities="com.example.coffeebakery.authuiinitprovider"
156-->[com.firebaseui:firebase-ui-auth:7.1.1] AndroidManifest.xml:104:13-70
157            android:exported="false"
157-->[com.firebaseui:firebase-ui-auth:7.1.1] AndroidManifest.xml:105:13-37
158            android:initOrder="90" />
158-->[com.firebaseui:firebase-ui-auth:7.1.1] AndroidManifest.xml:106:13-35
159
160        <activity
160-->[com.google.firebase:firebase-auth:21.0.1] AndroidManifest.xml:27:9-44:20
161            android:name="com.google.firebase.auth.internal.GenericIdpActivity"
161-->[com.google.firebase:firebase-auth:21.0.1] AndroidManifest.xml:28:13-80
162            android:excludeFromRecents="true"
162-->[com.google.firebase:firebase-auth:21.0.1] AndroidManifest.xml:29:13-46
163            android:exported="true"
163-->[com.google.firebase:firebase-auth:21.0.1] AndroidManifest.xml:30:13-36
164            android:launchMode="singleTask"
164-->[com.google.firebase:firebase-auth:21.0.1] AndroidManifest.xml:31:13-44
165            android:theme="@android:style/Theme.Translucent.NoTitleBar" >
165-->[com.google.firebase:firebase-auth:21.0.1] AndroidManifest.xml:32:13-72
166            <intent-filter>
166-->[com.google.firebase:firebase-auth:21.0.1] AndroidManifest.xml:33:13-43:29
167                <action android:name="android.intent.action.VIEW" />
167-->[com.firebaseui:firebase-ui-auth:7.1.1] AndroidManifest.xml:93:17-69
167-->[com.firebaseui:firebase-ui-auth:7.1.1] AndroidManifest.xml:93:25-66
168
169                <category android:name="android.intent.category.DEFAULT" />
169-->[com.firebaseui:firebase-ui-auth:7.1.1] AndroidManifest.xml:95:17-76
169-->[com.firebaseui:firebase-ui-auth:7.1.1] AndroidManifest.xml:95:27-73
170                <category android:name="android.intent.category.BROWSABLE" />
170-->[com.firebaseui:firebase-ui-auth:7.1.1] AndroidManifest.xml:96:17-78
170-->[com.firebaseui:firebase-ui-auth:7.1.1] AndroidManifest.xml:96:27-75
171
172                <data
172-->[com.firebaseui:firebase-ui-auth:7.1.1] AndroidManifest.xml:98:17-81
173                    android:host="firebase.auth"
174                    android:path="/"
175                    android:scheme="genericidp" />
175-->[com.firebaseui:firebase-ui-auth:7.1.1] AndroidManifest.xml:98:23-78
176            </intent-filter>
177        </activity>
178        <activity
178-->[com.google.firebase:firebase-auth:21.0.1] AndroidManifest.xml:45:9-62:20
179            android:name="com.google.firebase.auth.internal.RecaptchaActivity"
179-->[com.google.firebase:firebase-auth:21.0.1] AndroidManifest.xml:46:13-79
180            android:excludeFromRecents="true"
180-->[com.google.firebase:firebase-auth:21.0.1] AndroidManifest.xml:47:13-46
181            android:exported="true"
181-->[com.google.firebase:firebase-auth:21.0.1] AndroidManifest.xml:48:13-36
182            android:launchMode="singleTask"
182-->[com.google.firebase:firebase-auth:21.0.1] AndroidManifest.xml:49:13-44
183            android:theme="@android:style/Theme.Translucent.NoTitleBar" >
183-->[com.google.firebase:firebase-auth:21.0.1] AndroidManifest.xml:50:13-72
184            <intent-filter>
184-->[com.google.firebase:firebase-auth:21.0.1] AndroidManifest.xml:51:13-61:29
185                <action android:name="android.intent.action.VIEW" />
185-->[com.firebaseui:firebase-ui-auth:7.1.1] AndroidManifest.xml:93:17-69
185-->[com.firebaseui:firebase-ui-auth:7.1.1] AndroidManifest.xml:93:25-66
186
187                <category android:name="android.intent.category.DEFAULT" />
187-->[com.firebaseui:firebase-ui-auth:7.1.1] AndroidManifest.xml:95:17-76
187-->[com.firebaseui:firebase-ui-auth:7.1.1] AndroidManifest.xml:95:27-73
188                <category android:name="android.intent.category.BROWSABLE" />
188-->[com.firebaseui:firebase-ui-auth:7.1.1] AndroidManifest.xml:96:17-78
188-->[com.firebaseui:firebase-ui-auth:7.1.1] AndroidManifest.xml:96:27-75
189
190                <data
190-->[com.firebaseui:firebase-ui-auth:7.1.1] AndroidManifest.xml:98:17-81
191                    android:host="firebase.auth"
192                    android:path="/"
193                    android:scheme="recaptcha" />
193-->[com.firebaseui:firebase-ui-auth:7.1.1] AndroidManifest.xml:98:23-78
194            </intent-filter>
195        </activity>
196
197        <service
197-->[com.google.firebase:firebase-auth:21.0.1] AndroidManifest.xml:64:9-73:19
198            android:name="com.google.firebase.auth.api.fallback.service.FirebaseAuthFallbackService"
198-->[com.google.firebase:firebase-auth:21.0.1] AndroidManifest.xml:65:13-101
199            android:enabled="true"
199-->[com.google.firebase:firebase-auth:21.0.1] AndroidManifest.xml:66:13-35
200            android:exported="false" >
200-->[com.google.firebase:firebase-auth:21.0.1] AndroidManifest.xml:67:13-37
201            <intent-filter>
201-->[com.google.firebase:firebase-auth:21.0.1] AndroidManifest.xml:68:13-72:29
202                <action android:name="com.google.firebase.auth.api.gms.service.START" />
202-->[com.google.firebase:firebase-auth:21.0.1] AndroidManifest.xml:69:17-89
202-->[com.google.firebase:firebase-auth:21.0.1] AndroidManifest.xml:69:25-86
203
204                <category android:name="android.intent.category.DEFAULT" />
204-->[com.firebaseui:firebase-ui-auth:7.1.1] AndroidManifest.xml:95:17-76
204-->[com.firebaseui:firebase-ui-auth:7.1.1] AndroidManifest.xml:95:27-73
205            </intent-filter>
206        </service>
207        <service
207-->[com.google.firebase:firebase-auth:21.0.1] AndroidManifest.xml:74:9-80:19
208            android:name="com.google.firebase.components.ComponentDiscoveryService"
208-->[com.google.firebase:firebase-auth:21.0.1] AndroidManifest.xml:75:13-84
209            android:directBootAware="true"
209-->[com.google.firebase:firebase-common:20.0.0] AndroidManifest.xml:35:13-43
210            android:exported="false" >
210-->[com.google.firebase:firebase-auth:21.0.1] AndroidManifest.xml:76:13-37
211            <meta-data
211-->[com.google.firebase:firebase-auth:21.0.1] AndroidManifest.xml:77:13-79:85
212                android:name="com.google.firebase.components:com.google.firebase.auth.FirebaseAuthRegistrar"
212-->[com.google.firebase:firebase-auth:21.0.1] AndroidManifest.xml:78:17-109
213                android:value="com.google.firebase.components.ComponentRegistrar" />
213-->[com.google.firebase:firebase-auth:21.0.1] AndroidManifest.xml:79:17-82
214            <meta-data
214-->[com.google.firebase:firebase-database:20.0.0] AndroidManifest.xml:32:13-34:85
215                android:name="com.google.firebase.components:com.google.firebase.database.DatabaseRegistrar"
215-->[com.google.firebase:firebase-database:20.0.0] AndroidManifest.xml:33:17-109
216                android:value="com.google.firebase.components.ComponentRegistrar" />
216-->[com.google.firebase:firebase-database:20.0.0] AndroidManifest.xml:34:17-82
217            <meta-data
217-->[com.google.firebase:firebase-storage:20.0.0] AndroidManifest.xml:33:13-35:85
218                android:name="com.google.firebase.components:com.google.firebase.storage.StorageRegistrar"
218-->[com.google.firebase:firebase-storage:20.0.0] AndroidManifest.xml:34:17-107
219                android:value="com.google.firebase.components.ComponentRegistrar" />
219-->[com.google.firebase:firebase-storage:20.0.0] AndroidManifest.xml:35:17-82
220            <meta-data
220-->[com.google.firebase:firebase-firestore:23.0.1] AndroidManifest.xml:20:13-22:85
221                android:name="com.google.firebase.components:com.google.firebase.firestore.FirestoreRegistrar"
221-->[com.google.firebase:firebase-firestore:23.0.1] AndroidManifest.xml:21:17-111
222                android:value="com.google.firebase.components.ComponentRegistrar" />
222-->[com.google.firebase:firebase-firestore:23.0.1] AndroidManifest.xml:22:17-82
223            <meta-data
223-->[com.google.android.gms:play-services-measurement-api:19.0.0] AndroidManifest.xml:30:13-32:85
224                android:name="com.google.firebase.components:com.google.firebase.analytics.connector.internal.AnalyticsConnectorRegistrar"
224-->[com.google.android.gms:play-services-measurement-api:19.0.0] AndroidManifest.xml:31:17-139
225                android:value="com.google.firebase.components.ComponentRegistrar" />
225-->[com.google.android.gms:play-services-measurement-api:19.0.0] AndroidManifest.xml:32:17-82
226            <meta-data
226-->[com.google.firebase:firebase-installations:17.0.0] AndroidManifest.xml:18:13-20:85
227                android:name="com.google.firebase.components:com.google.firebase.installations.FirebaseInstallationsRegistrar"
227-->[com.google.firebase:firebase-installations:17.0.0] AndroidManifest.xml:19:17-127
228                android:value="com.google.firebase.components.ComponentRegistrar" />
228-->[com.google.firebase:firebase-installations:17.0.0] AndroidManifest.xml:20:17-82
229        </service> <!-- Needs to be explicitly declared on P+ -->
230        <uses-library
230-->[com.google.android.gms:play-services-maps:17.0.0] AndroidManifest.xml:33:9-35:40
231            android:name="org.apache.http.legacy"
231-->[com.google.android.gms:play-services-maps:17.0.0] AndroidManifest.xml:34:13-50
232            android:required="false" />
232-->[com.google.android.gms:play-services-maps:17.0.0] AndroidManifest.xml:35:13-37
233
234        <provider
234-->[com.google.firebase:firebase-common:20.0.0] AndroidManifest.xml:26:9-31:39
235            android:name="com.google.firebase.provider.FirebaseInitProvider"
235-->[com.google.firebase:firebase-common:20.0.0] AndroidManifest.xml:27:13-77
236            android:authorities="com.example.coffeebakery.firebaseinitprovider"
236-->[com.google.firebase:firebase-common:20.0.0] AndroidManifest.xml:28:13-72
237            android:directBootAware="true"
237-->[com.google.firebase:firebase-common:20.0.0] AndroidManifest.xml:29:13-43
238            android:exported="false"
238-->[com.google.firebase:firebase-common:20.0.0] AndroidManifest.xml:30:13-37
239            android:initOrder="100" />
239-->[com.google.firebase:firebase-common:20.0.0] AndroidManifest.xml:31:13-36
240
241        <receiver
241-->[com.google.android.gms:play-services-measurement:19.0.0] AndroidManifest.xml:29:9-33:20
242            android:name="com.google.android.gms.measurement.AppMeasurementReceiver"
242-->[com.google.android.gms:play-services-measurement:19.0.0] AndroidManifest.xml:30:13-85
243            android:enabled="true"
243-->[com.google.android.gms:play-services-measurement:19.0.0] AndroidManifest.xml:31:13-35
244            android:exported="false" >
244-->[com.google.android.gms:play-services-measurement:19.0.0] AndroidManifest.xml:32:13-37
245        </receiver>
246
247        <service
247-->[com.google.android.gms:play-services-measurement:19.0.0] AndroidManifest.xml:35:9-38:40
248            android:name="com.google.android.gms.measurement.AppMeasurementService"
248-->[com.google.android.gms:play-services-measurement:19.0.0] AndroidManifest.xml:36:13-84
249            android:enabled="true"
249-->[com.google.android.gms:play-services-measurement:19.0.0] AndroidManifest.xml:37:13-35
250            android:exported="false" />
250-->[com.google.android.gms:play-services-measurement:19.0.0] AndroidManifest.xml:38:13-37
251        <service
251-->[com.google.android.gms:play-services-measurement:19.0.0] AndroidManifest.xml:39:9-43:72
252            android:name="com.google.android.gms.measurement.AppMeasurementJobService"
252-->[com.google.android.gms:play-services-measurement:19.0.0] AndroidManifest.xml:40:13-87
253            android:enabled="true"
253-->[com.google.android.gms:play-services-measurement:19.0.0] AndroidManifest.xml:41:13-35
254            android:exported="false"
254-->[com.google.android.gms:play-services-measurement:19.0.0] AndroidManifest.xml:42:13-37
255            android:permission="android.permission.BIND_JOB_SERVICE" />